# JRE version: Java(TM) SE Runtime Environment (17.0.7+8) (build 17.0.7+8-LTS-224)
# Java VM: Java HotSpot(TM) 64-Bit Server VM (17.0.7+8-LTS-224, mixed mode, sharing, tiered, compressed oops, compressed class ptrs, g1 gc, windows-amd64)
GC Precious Log:
 CPUs: 4 total, 4 available
 Memory: 3463M
 Large Page Support: Disabled
 NUMA Support: Disabled
 Compressed Oops: Enabled (32-bit)
 Heap Region Size: 1M
 Heap Min Capacity: 8M
 Heap Initial Capacity: 56M
 Heap Max Capacity: 866M
 Pre-touch: Disabled
 Parallel Workers: 4
 Concurrent Workers: 1
 Concurrent Refinement Workers: 4
 Periodic GC: Disabled
Heap:
 garbage-first heap   total 51200K, used 28821K [0x00000000c9e00000, 0x0000000100000000)
  region size 1024K, 16 young (16384K), 4 survivors (4096K)
 Metaspace       used 30617K, committed 30976K, reserved 1081344K
  class space    used 3954K, committed 4096K, reserved 1048576K
GC Heap History (16 events):
Event: 1.775 GC heap before
{Heap before GC invocations=0 (full 0):
 garbage-first heap   total 57344K, used 13312K [0x00000000c9e00000, 0x0000000100000000)
  region size 1024K, 13 young (13312K), 0 survivors (0K)
 Metaspace       used 3023K, committed 3200K, reserved 1056768K
  class space    used 293K, committed 384K, reserved 1048576K
}
Event: 1.786 GC heap after
{Heap after GC invocations=1 (full 0):
 garbage-first heap   total 57344K, used 6807K [0x00000000c9e00000, 0x0000000100000000)
  region size 1024K, 2 young (2048K), 2 survivors (2048K)
 Metaspace       used 3023K, committed 3200K, reserved 1056768K
  class space    used 293K, committed 384K, reserved 1048576K
}
Event: 2.520 GC heap before
{Heap before GC invocations=1 (full 0):
 garbage-first heap   total 57344K, used 14999K [0x00000000c9e00000, 0x0000000100000000)
  region size 1024K, 11 young (11264K), 2 survivors (2048K)
 Metaspace       used 5368K, committed 5504K, reserved 1056768K
  class space    used 599K, committed 704K, reserved 1048576K
}
Event: 2.524 GC heap after
{Heap after GC invocations=2 (full 0):
 garbage-first heap   total 57344K, used 7239K [0x00000000c9e00000, 0x0000000100000000)
  region size 1024K, 1 young (1024K), 1 survivors (1024K)
 Metaspace       used 5368K, committed 5504K, reserved 1056768K
  class space    used 599K, committed 704K, reserved 1048576K
}
Event: 3.706 GC heap before
{Heap before GC invocations=2 (full 0):
 garbage-first heap   total 57344K, used 25671K [0x00000000c9e00000, 0x0000000100000000)
  region size 1024K, 19 young (19456K), 1 survivors (1024K)
 Metaspace       used 10157K, committed 10368K, reserved 1064960K
  class space    used 1250K, committed 1344K, reserved 1048576K
}
Event: 3.711 GC heap after
{Heap after GC invocations=3 (full 0):
 garbage-first heap   total 57344K, used 8917K [0x00000000c9e00000, 0x0000000100000000)
  region size 1024K, 3 young (3072K), 3 survivors (3072K)
 Metaspace       used 10157K, committed 10368K, reserved 1064960K
  class space    used 1250K, committed 1344K, reserved 1048576K
}
Event: 4.732 GC heap before
{Heap before GC invocations=3 (full 0):
 garbage-first heap   total 57344K, used 31445K [0x00000000c9e00000, 0x0000000100000000)
  region size 1024K, 26 young (26624K), 3 survivors (3072K)
 Metaspace       used 15405K, committed 15616K, reserved 1064960K
  class space    used 2010K, committed 2112K, reserved 1048576K
}
Event: 4.738 GC heap after
{Heap after GC invocations=4 (full 0):
 garbage-first heap   total 57344K, used 10584K [0x00000000c9e00000, 0x0000000100000000)
  region size 1024K, 4 young (4096K), 4 survivors (4096K)
 Metaspace       used 15405K, committed 15616K, reserved 1064960K
  class space    used 2010K, committed 2112K, reserved 1048576K
}
Event: 5.572 GC heap before
{Heap before GC invocations=4 (full 0):
 garbage-first heap   total 57344K, used 35160K [0x00000000c9e00000, 0x0000000100000000)
  region size 1024K, 29 young (29696K), 4 survivors (4096K)
 Metaspace       used 19460K, committed 19712K, reserved 1073152K
  class space    used 2463K, committed 2560K, reserved 1048576K
}
Event: 5.578 GC heap after
{Heap after GC invocations=5 (full 0):
 garbage-first heap   total 57344K, used 12182K [0x00000000c9e00000, 0x0000000100000000)
  region size 1024K, 4 young (4096K), 4 survivors (4096K)
 Metaspace       used 19460K, committed 19712K, reserved 1073152K
  class space    used 2463K, committed 2560K, reserved 1048576K
}
Event: 6.734 GC heap before
{Heap before GC invocations=5 (full 0):
 garbage-first heap   total 57344K, used 32662K [0x00000000c9e00000, 0x0000000100000000)
  region size 1024K, 26 young (26624K), 4 survivors (4096K)
 Metaspace       used 21306K, committed 21504K, reserved 1073152K
  class space    used 2699K, committed 2816K, reserved 1048576K
}
Event: 6.740 GC heap after
{Heap after GC invocations=6 (full 0):
 garbage-first heap   total 57344K, used 13497K [0x00000000c9e00000, 0x0000000100000000)
  region size 1024K, 3 young (3072K), 3 survivors (3072K)
 Metaspace       used 21306K, committed 21504K, reserved 1073152K
  class space    used 2699K, committed 2816K, reserved 1048576K
}
Event: 8.743 GC heap before
{Heap before GC invocations=7 (full 0):
 garbage-first heap   total 51200K, used 41145K [0x00000000c9e00000, 0x0000000100000000)
  region size 1024K, 30 young (30720K), 3 survivors (3072K)
 Metaspace       used 24274K, committed 24576K, reserved 1073152K
  class space    used 3082K, committed 3264K, reserved 1048576K
}
Event: 8.751 GC heap after
{Heap after GC invocations=8 (full 0):
 garbage-first heap   total 51200K, used 15355K [0x00000000c9e00000, 0x0000000100000000)
  region size 1024K, 4 young (4096K), 4 survivors (4096K)
 Metaspace       used 24274K, committed 24576K, reserved 1073152K
  class space    used 3082K, committed 3264K, reserved 1048576K
}
Event: 9.961 GC heap before
{Heap before GC invocations=8 (full 0):
 garbage-first heap   total 51200K, used 35835K [0x00000000c9e00000, 0x0000000100000000)
  region size 1024K, 25 young (25600K), 4 survivors (4096K)
 Metaspace       used 28156K, committed 28480K, reserved 1081344K
  class space    used 3637K, committed 3776K, reserved 1048576K
}
Event: 9.969 GC heap after
{Heap after GC invocations=9 (full 0):
 garbage-first heap   total 51200K, used 17557K [0x00000000c9e00000, 0x0000000100000000)
  region size 1024K, 4 young (4096K), 4 survivors (4096K)
 Metaspace       used 28156K, committed 28480K, reserved 1081344K
  class space    used 3637K, committed 3776K, reserved 1048576K
}

