# JRE version: Java(TM) SE Runtime Environment (17.0.7+8) (build 17.0.7+8-LTS-224)
# Java VM: Java HotSpot(TM) 64-Bit Server VM (17.0.7+8-LTS-224, mixed mode, sharing, tiered, compressed oops, compressed class ptrs, g1 gc, windows-amd64)
GC Precious Log:
 CPUs: 4 total, 4 available
 Memory: 3463M
 Large Page Support: Disabled
 NUMA Support: Disabled
 Compressed Oops: Enabled (32-bit)
 Heap Region Size: 1M
 Heap Min Capacity: 8M
 Heap Initial Capacity: 56M
 Heap Max Capacity: 866M
 Pre-touch: Disabled
 Parallel Workers: 4
 Concurrent Workers: 1
 Concurrent Refinement Workers: 4
 Periodic GC: Disabled
Heap:
 garbage-first heap   total 61440K, used 34873K [0x00000000c9e00000, 0x0000000100000000)
  region size 1024K, 12 young (12288K), 2 survivors (2048K)
 Metaspace       used 51562K, committed 51840K, reserved 1097728K
  class space    used 6901K, committed 7040K, reserved 1048576K
GC Heap History (20 events):
Event: 5.624 GC heap before
{Heap before GC invocations=7 (full 0):
 garbage-first heap   total 51200K, used 41283K [0x00000000c9e00000, 0x0000000100000000)
  region size 1024K, 30 young (30720K), 3 survivors (3072K)
 Metaspace       used 24291K, committed 24640K, reserved 1073152K
  class space    used 3081K, committed 3264K, reserved 1048576K
}
Event: 5.630 GC heap after
{Heap after GC invocations=8 (full 0):
 garbage-first heap   total 51200K, used 15411K [0x00000000c9e00000, 0x0000000100000000)
  region size 1024K, 4 young (4096K), 4 survivors (4096K)
 Metaspace       used 24291K, committed 24640K, reserved 1073152K
  class space    used 3081K, committed 3264K, reserved 1048576K
}
Event: 5.660 GC heap before
{Heap before GC invocations=8 (full 0):
 garbage-first heap   total 51200K, used 16435K [0x00000000c9e00000, 0x0000000100000000)
  region size 1024K, 5 young (5120K), 4 survivors (4096K)
 Metaspace       used 24475K, committed 24768K, reserved 1073152K
  class space    used 3105K, committed 3264K, reserved 1048576K
}
Event: 5.665 GC heap after
{Heap after GC invocations=9 (full 0):
 garbage-first heap   total 51200K, used 15806K [0x00000000c9e00000, 0x0000000100000000)
  region size 1024K, 1 young (1024K), 1 survivors (1024K)
 Metaspace       used 24475K, committed 24768K, reserved 1073152K
  class space    used 3105K, committed 3264K, reserved 1048576K
}
Event: 6.395 GC heap before
{Heap before GC invocations=9 (full 0):
 garbage-first heap   total 51200K, used 38334K [0x00000000c9e00000, 0x0000000100000000)
  region size 1024K, 23 young (23552K), 1 survivors (1024K)
 Metaspace       used 28446K, committed 28864K, reserved 1081344K
  class space    used 3700K, committed 3904K, reserved 1048576K
}
Event: 6.402 GC heap after
{Heap after GC invocations=10 (full 0):
 garbage-first heap   total 51200K, used 17918K [0x00000000c9e00000, 0x0000000100000000)
  region size 1024K, 3 young (3072K), 3 survivors (3072K)
 Metaspace       used 28446K, committed 28864K, reserved 1081344K
  class space    used 3700K, committed 3904K, reserved 1048576K
}
Event: 6.961 GC heap before
{Heap before GC invocations=10 (full 0):
 garbage-first heap   total 51200K, used 37374K [0x00000000c9e00000, 0x0000000100000000)
  region size 1024K, 23 young (23552K), 3 survivors (3072K)
 Metaspace       used 31696K, committed 32064K, reserved 1081344K
  class space    used 4063K, committed 4288K, reserved 1048576K
}
Event: 6.967 GC heap after
{Heap after GC invocations=11 (full 0):
 garbage-first heap   total 51200K, used 19748K [0x00000000c9e00000, 0x0000000100000000)
  region size 1024K, 2 young (2048K), 2 survivors (2048K)
 Metaspace       used 31696K, committed 32064K, reserved 1081344K
  class space    used 4063K, committed 4288K, reserved 1048576K
}
Event: 7.450 GC heap before
{Heap before GC invocations=11 (full 0):
 garbage-first heap   total 51200K, used 37156K [0x00000000c9e00000, 0x0000000100000000)
  region size 1024K, 20 young (20480K), 2 survivors (2048K)
 Metaspace       used 34389K, committed 34816K, reserved 1081344K
  class space    used 4422K, committed 4608K, reserved 1048576K
}
Event: 7.454 GC heap after
{Heap after GC invocations=12 (full 0):
 garbage-first heap   total 51200K, used 20936K [0x00000000c9e00000, 0x0000000100000000)
  region size 1024K, 2 young (2048K), 2 survivors (2048K)
 Metaspace       used 34389K, committed 34816K, reserved 1081344K
  class space    used 4422K, committed 4608K, reserved 1048576K
}
Event: 7.625 GC heap before
{Heap before GC invocations=12 (full 0):
 garbage-first heap   total 51200K, used 25032K [0x00000000c9e00000, 0x0000000100000000)
  region size 1024K, 8 young (8192K), 2 survivors (2048K)
 Metaspace       used 35742K, committed 36096K, reserved 1081344K
  class space    used 4684K, committed 4864K, reserved 1048576K
}
Event: 7.627 GC heap after
{Heap after GC invocations=13 (full 0):
 garbage-first heap   total 51200K, used 21105K [0x00000000c9e00000, 0x0000000100000000)
  region size 1024K, 2 young (2048K), 2 survivors (2048K)
 Metaspace       used 35742K, committed 36096K, reserved 1081344K
  class space    used 4684K, committed 4864K, reserved 1048576K
}
Event: 8.503 GC heap before
{Heap before GC invocations=14 (full 0):
 garbage-first heap   total 51200K, used 39537K [0x00000000c9e00000, 0x0000000100000000)
  region size 1024K, 20 young (20480K), 2 survivors (2048K)
 Metaspace       used 41300K, committed 41664K, reserved 1089536K
  class space    used 5501K, committed 5696K, reserved 1048576K
}
Event: 8.507 GC heap after
{Heap after GC invocations=15 (full 0):
 garbage-first heap   total 51200K, used 22361K [0x00000000c9e00000, 0x0000000100000000)
  region size 1024K, 3 young (3072K), 3 survivors (3072K)
 Metaspace       used 41300K, committed 41664K, reserved 1089536K
  class space    used 5501K, committed 5696K, reserved 1048576K
}
Event: 9.008 GC heap before
{Heap before GC invocations=15 (full 0):
 garbage-first heap   total 51200K, used 38745K [0x00000000c9e00000, 0x0000000100000000)
  region size 1024K, 20 young (20480K), 3 survivors (3072K)
 Metaspace       used 44341K, committed 44672K, reserved 1089536K
  class space    used 5884K, committed 6080K, reserved 1048576K
}
Event: 9.015 GC heap after
{Heap after GC invocations=16 (full 0):
 garbage-first heap   total 51200K, used 23692K [0x00000000c9e00000, 0x0000000100000000)
  region size 1024K, 3 young (3072K), 3 survivors (3072K)
 Metaspace       used 44341K, committed 44672K, reserved 1089536K
  class space    used 5884K, committed 6080K, reserved 1048576K
}
Event: 9.564 GC heap before
{Heap before GC invocations=16 (full 0):
 garbage-first heap   total 51200K, used 40076K [0x00000000c9e00000, 0x0000000100000000)
  region size 1024K, 20 young (20480K), 3 survivors (3072K)
 Metaspace       used 47646K, committed 47936K, reserved 1097728K
  class space    used 6453K, committed 6592K, reserved 1048576K
}
Event: 9.570 GC heap after
{Heap after GC invocations=17 (full 0):
 garbage-first heap   total 61440K, used 24520K [0x00000000c9e00000, 0x0000000100000000)
  region size 1024K, 3 young (3072K), 3 survivors (3072K)
 Metaspace       used 47646K, committed 47936K, reserved 1097728K
  class space    used 6453K, committed 6592K, reserved 1048576K
}
Event: 10.302 GC heap before
{Heap before GC invocations=17 (full 0):
 garbage-first heap   total 61440K, used 49096K [0x00000000c9e00000, 0x0000000100000000)
  region size 1024K, 27 young (27648K), 3 survivors (3072K)
 Metaspace       used 50044K, committed 50432K, reserved 1097728K
  class space    used 6737K, committed 6912K, reserved 1048576K
}
Event: 10.307 GC heap after
{Heap after GC invocations=18 (full 0):
 garbage-first heap   total 61440K, used 25657K [0x00000000c9e00000, 0x0000000100000000)
  region size 1024K, 2 young (2048K), 2 survivors (2048K)
 Metaspace       used 50044K, committed 50432K, reserved 1097728K
  class space    used 6737K, committed 6912K, reserved 1048576K
}

