# JRE version: Java(TM) SE Runtime Environment (17.0.7+8) (build 17.0.7+8-LTS-224)
# Java VM: Java HotSpot(TM) 64-Bit Server VM (17.0.7+8-LTS-224, mixed mode, sharing, tiered, compressed oops, compressed class ptrs, g1 gc, windows-amd64)
GC Precious Log:
 CPUs: 4 total, 4 available
 Memory: 3463M
 Large Page Support: Disabled
 NUMA Support: Disabled
 Compressed Oops: Enabled (32-bit)
 Heap Region Size: 1M
 Heap Min Capacity: 8M
 Heap Initial Capacity: 56M
 Heap Max Capacity: 866M
 Pre-touch: Disabled
 Parallel Workers: 4
 Concurrent Workers: 1
 Concurrent Refinement Workers: 4
 Periodic GC: Disabled
Heap:
 garbage-first heap   total 140288K, used 94777K [0x00000000c9e00000, 0x0000000100000000)
  region size 1024K, 31 young (31744K), 1 survivors (1024K)
 Metaspace       used 65490K, committed 66048K, reserved 1105920K
  class space    used 8637K, committed 8896K, reserved 1048576K
GC Heap History (20 events):
Event: 16.588 GC heap before
{Heap before GC invocations=25 (full 0):
 garbage-first heap   total 65536K, used 46340K [0x00000000c9e00000, 0x0000000100000000)
  region size 1024K, 18 young (18432K), 2 survivors (2048K)
 Metaspace       used 57189K, committed 57600K, reserved 1105920K
  class space    used 7640K, committed 7872K, reserved 1048576K
}
Event: 16.591 GC heap after
{Heap after GC invocations=26 (full 0):
 garbage-first heap   total 65536K, used 30406K [0x00000000c9e00000, 0x0000000100000000)
  region size 1024K, 2 young (2048K), 2 survivors (2048K)
 Metaspace       used 57189K, committed 57600K, reserved 1105920K
  class space    used 7640K, committed 7872K, reserved 1048576K
}
Event: 16.790 GC heap before
{Heap before GC invocations=26 (full 0):
 garbage-first heap   total 65536K, used 53958K [0x00000000c9e00000, 0x0000000100000000)
  region size 1024K, 25 young (25600K), 2 survivors (2048K)
 Metaspace       used 57427K, committed 57856K, reserved 1105920K
  class space    used 7656K, committed 7872K, reserved 1048576K
}
Event: 16.795 GC heap after
{Heap after GC invocations=27 (full 0):
 garbage-first heap   total 65536K, used 31120K [0x00000000c9e00000, 0x0000000100000000)
  region size 1024K, 3 young (3072K), 3 survivors (3072K)
 Metaspace       used 57427K, committed 57856K, reserved 1105920K
  class space    used 7656K, committed 7872K, reserved 1048576K
}
Event: 17.038 GC heap before
{Heap before GC invocations=27 (full 0):
 garbage-first heap   total 65536K, used 54672K [0x00000000c9e00000, 0x0000000100000000)
  region size 1024K, 26 young (26624K), 3 survivors (3072K)
 Metaspace       used 57931K, committed 58368K, reserved 1105920K
  class space    used 7701K, committed 7936K, reserved 1048576K
}
Event: 17.042 GC heap after
{Heap after GC invocations=28 (full 0):
 garbage-first heap   total 78848K, used 31724K [0x00000000c9e00000, 0x0000000100000000)
  region size 1024K, 3 young (3072K), 3 survivors (3072K)
 Metaspace       used 57931K, committed 58368K, reserved 1105920K
  class space    used 7701K, committed 7936K, reserved 1048576K
}
Event: 18.170 GC heap before
{Heap before GC invocations=28 (full 0):
 garbage-first heap   total 78848K, used 65516K [0x00000000c9e00000, 0x0000000100000000)
  region size 1024K, 36 young (36864K), 3 survivors (3072K)
 Metaspace       used 61292K, committed 61760K, reserved 1105920K
  class space    used 8130K, committed 8384K, reserved 1048576K
}
Event: 18.180 GC heap after
{Heap after GC invocations=29 (full 0):
 garbage-first heap   total 78848K, used 34154K [0x00000000c9e00000, 0x0000000100000000)
  region size 1024K, 5 young (5120K), 5 survivors (5120K)
 Metaspace       used 61292K, committed 61760K, reserved 1105920K
  class space    used 8130K, committed 8384K, reserved 1048576K
}
Event: 19.119 GC heap before
{Heap before GC invocations=29 (full 0):
 garbage-first heap   total 78848K, used 63850K [0x00000000c9e00000, 0x0000000100000000)
  region size 1024K, 34 young (34816K), 5 survivors (5120K)
 Metaspace       used 62365K, committed 62848K, reserved 1105920K
  class space    used 8241K, committed 8448K, reserved 1048576K
}
Event: 19.134 GC heap after
{Heap after GC invocations=30 (full 0):
 garbage-first heap   total 78848K, used 39115K [0x00000000c9e00000, 0x0000000100000000)
  region size 1024K, 5 young (5120K), 5 survivors (5120K)
 Metaspace       used 62365K, committed 62848K, reserved 1105920K
  class space    used 8241K, committed 8448K, reserved 1048576K
}
Event: 19.520 GC heap before
{Heap before GC invocations=30 (full 0):
 garbage-first heap   total 78848K, used 62667K [0x00000000c9e00000, 0x0000000100000000)
  region size 1024K, 28 young (28672K), 5 survivors (5120K)
 Metaspace       used 62531K, committed 62976K, reserved 1105920K
  class space    used 8253K, committed 8512K, reserved 1048576K
}
Event: 19.533 GC heap after
{Heap after GC invocations=31 (full 0):
 garbage-first heap   total 78848K, used 45867K [0x00000000c9e00000, 0x0000000100000000)
  region size 1024K, 4 young (4096K), 4 survivors (4096K)
 Metaspace       used 62531K, committed 62976K, reserved 1105920K
  class space    used 8253K, committed 8512K, reserved 1048576K
}
Event: 19.635 GC heap before
{Heap before GC invocations=31 (full 0):
 garbage-first heap   total 78848K, used 60203K [0x00000000c9e00000, 0x0000000100000000)
  region size 1024K, 19 young (19456K), 4 survivors (4096K)
 Metaspace       used 62536K, committed 62976K, reserved 1105920K
  class space    used 8253K, committed 8512K, reserved 1048576K
}
Event: 19.642 GC heap after
{Heap after GC invocations=32 (full 0):
 garbage-first heap   total 78848K, used 49724K [0x00000000c9e00000, 0x0000000100000000)
  region size 1024K, 3 young (3072K), 3 survivors (3072K)
 Metaspace       used 62536K, committed 62976K, reserved 1105920K
  class space    used 8253K, committed 8512K, reserved 1048576K
}
Event: 19.803 GC heap before
{Heap before GC invocations=32 (full 0):
 garbage-first heap   total 104448K, used 62012K [0x00000000c9e00000, 0x0000000100000000)
  region size 1024K, 16 young (16384K), 3 survivors (3072K)
 Metaspace       used 62536K, committed 63104K, reserved 1105920K
  class space    used 8247K, committed 8512K, reserved 1048576K
}
Event: 19.812 GC heap after
{Heap after GC invocations=33 (full 0):
 garbage-first heap   total 140288K, used 54211K [0x00000000c9e00000, 0x0000000100000000)
  region size 1024K, 2 young (2048K), 2 survivors (2048K)
 Metaspace       used 62536K, committed 63104K, reserved 1105920K
  class space    used 8247K, committed 8512K, reserved 1048576K
}
Event: 20.442 GC heap before
{Heap before GC invocations=34 (full 0):
 garbage-first heap   total 140288K, used 102339K [0x00000000c9e00000, 0x0000000100000000)
  region size 1024K, 49 young (50176K), 2 survivors (2048K)
 Metaspace       used 64016K, committed 64512K, reserved 1105920K
  class space    used 8441K, committed 8704K, reserved 1048576K
}
Event: 20.460 GC heap after
{Heap after GC invocations=35 (full 0):
 garbage-first heap   total 140288K, used 64957K [0x00000000c9e00000, 0x0000000100000000)
  region size 1024K, 7 young (7168K), 7 survivors (7168K)
 Metaspace       used 64016K, committed 64512K, reserved 1105920K
  class space    used 8441K, committed 8704K, reserved 1048576K
}
Event: 20.541 GC heap before
{Heap before GC invocations=35 (full 0):
 garbage-first heap   total 140288K, used 65981K [0x00000000c9e00000, 0x0000000100000000)
  region size 1024K, 8 young (8192K), 7 survivors (7168K)
 Metaspace       used 64098K, committed 64576K, reserved 1105920K
  class space    used 8454K, committed 8704K, reserved 1048576K
}
Event: 20.552 GC heap after
{Heap after GC invocations=36 (full 0):
 garbage-first heap   total 140288K, used 65081K [0x00000000c9e00000, 0x0000000100000000)
  region size 1024K, 1 young (1024K), 1 survivors (1024K)
 Metaspace       used 64098K, committed 64576K, reserved 1105920K
  class space    used 8454K, committed 8704K, reserved 1048576K
}

