# JRE version: Java(TM) SE Runtime Environment (17.0.7+8) (build 17.0.7+8-LTS-224)
# Java VM: Java HotSpot(TM) 64-Bit Server VM (17.0.7+8-LTS-224, mixed mode, sharing, tiered, compressed oops, compressed class ptrs, g1 gc, windows-amd64)
GC Precious Log:
 CPUs: 4 total, 4 available
 Memory: 3463M
 Large Page Support: Disabled
 NUMA Support: Disabled
 Compressed Oops: Enabled (32-bit)
 Heap Region Size: 1M
 Heap Min Capacity: 8M
 Heap Initial Capacity: 56M
 Heap Max Capacity: 866M
 Pre-touch: Disabled
 Parallel Workers: 4
 Concurrent Workers: 1
 Concurrent Refinement Workers: 4
 Periodic GC: Disabled
Heap:
 garbage-first heap   total 57344K, used 26037K [0x00000000c9e00000, 0x0000000100000000)
  region size 1024K, 3 young (3072K), 3 survivors (3072K)
 Metaspace       used 51378K, committed 51712K, reserved 1097728K
  class space    used 6879K, committed 7040K, reserved 1048576K
GC Heap History (20 events):
Event: 6.943 GC heap after
{Heap after GC invocations=8 (full 0):
 garbage-first heap   total 51200K, used 15355K [0x00000000c9e00000, 0x0000000100000000)
  region size 1024K, 4 young (4096K), 4 survivors (4096K)
 Metaspace       used 24283K, committed 24640K, reserved 1073152K
  class space    used 3080K, committed 3264K, reserved 1048576K
}
Event: 6.980 GC heap before
{Heap before GC invocations=8 (full 0):
 garbage-first heap   total 51200K, used 16379K [0x00000000c9e00000, 0x0000000100000000)
  region size 1024K, 5 young (5120K), 4 survivors (4096K)
 Metaspace       used 24467K, committed 24768K, reserved 1073152K
  class space    used 3104K, committed 3264K, reserved 1048576K
}
Event: 6.985 GC heap after
{Heap after GC invocations=9 (full 0):
 garbage-first heap   total 51200K, used 15638K [0x00000000c9e00000, 0x0000000100000000)
  region size 1024K, 1 young (1024K), 1 survivors (1024K)
 Metaspace       used 24467K, committed 24768K, reserved 1073152K
  class space    used 3104K, committed 3264K, reserved 1048576K
}
Event: 7.879 GC heap before
{Heap before GC invocations=9 (full 0):
 garbage-first heap   total 51200K, used 38166K [0x00000000c9e00000, 0x0000000100000000)
  region size 1024K, 23 young (23552K), 1 survivors (1024K)
 Metaspace       used 28411K, committed 28800K, reserved 1081344K
  class space    used 3700K, committed 3904K, reserved 1048576K
}
Event: 7.884 GC heap after
{Heap after GC invocations=10 (full 0):
 garbage-first heap   total 51200K, used 17758K [0x00000000c9e00000, 0x0000000100000000)
  region size 1024K, 3 young (3072K), 3 survivors (3072K)
 Metaspace       used 28411K, committed 28800K, reserved 1081344K
  class space    used 3700K, committed 3904K, reserved 1048576K
}
Event: 9.242 GC heap before
{Heap before GC invocations=10 (full 0):
 garbage-first heap   total 51200K, used 38238K [0x00000000c9e00000, 0x0000000100000000)
  region size 1024K, 23 young (23552K), 3 survivors (3072K)
 Metaspace       used 31696K, committed 32000K, reserved 1081344K
  class space    used 4060K, committed 4224K, reserved 1048576K
}
Event: 9.256 GC heap after
{Heap after GC invocations=11 (full 0):
 garbage-first heap   total 51200K, used 19326K [0x00000000c9e00000, 0x0000000100000000)
  region size 1024K, 2 young (2048K), 2 survivors (2048K)
 Metaspace       used 31696K, committed 32000K, reserved 1081344K
  class space    used 4060K, committed 4224K, reserved 1048576K
}
Event: 9.868 GC heap before
{Heap before GC invocations=11 (full 0):
 garbage-first heap   total 51200K, used 38782K [0x00000000c9e00000, 0x0000000100000000)
  region size 1024K, 21 young (21504K), 2 survivors (2048K)
 Metaspace       used 34643K, committed 35072K, reserved 1081344K
  class space    used 4468K, committed 4672K, reserved 1048576K
}
Event: 9.878 GC heap after
{Heap after GC invocations=12 (full 0):
 garbage-first heap   total 51200K, used 20587K [0x00000000c9e00000, 0x0000000100000000)
  region size 1024K, 2 young (2048K), 2 survivors (2048K)
 Metaspace       used 34643K, committed 35072K, reserved 1081344K
  class space    used 4468K, committed 4672K, reserved 1048576K
}
Event: 10.101 GC heap before
{Heap before GC invocations=12 (full 0):
 garbage-first heap   total 51200K, used 24683K [0x00000000c9e00000, 0x0000000100000000)
  region size 1024K, 7 young (7168K), 2 survivors (2048K)
 Metaspace       used 35756K, committed 36096K, reserved 1081344K
  class space    used 4679K, committed 4864K, reserved 1048576K
}
Event: 10.105 GC heap after
{Heap after GC invocations=13 (full 0):
 garbage-first heap   total 51200K, used 20786K [0x00000000c9e00000, 0x0000000100000000)
  region size 1024K, 2 young (2048K), 2 survivors (2048K)
 Metaspace       used 35756K, committed 36096K, reserved 1081344K
  class space    used 4679K, committed 4864K, reserved 1048576K
}
Event: 11.122 GC heap before
{Heap before GC invocations=14 (full 0):
 garbage-first heap   total 51200K, used 40242K [0x00000000c9e00000, 0x0000000100000000)
  region size 1024K, 21 young (21504K), 2 survivors (2048K)
 Metaspace       used 41513K, committed 41856K, reserved 1089536K
  class space    used 5534K, committed 5696K, reserved 1048576K
}
Event: 11.130 GC heap after
{Heap after GC invocations=15 (full 0):
 garbage-first heap   total 51200K, used 22179K [0x00000000c9e00000, 0x0000000100000000)
  region size 1024K, 3 young (3072K), 3 survivors (3072K)
 Metaspace       used 41513K, committed 41856K, reserved 1089536K
  class space    used 5534K, committed 5696K, reserved 1048576K
}
Event: 11.899 GC heap before
{Heap before GC invocations=16 (full 0):
 garbage-first heap   total 51200K, used 40611K [0x00000000c9e00000, 0x0000000100000000)
  region size 1024K, 21 young (21504K), 3 survivors (3072K)
 Metaspace       used 44463K, committed 44800K, reserved 1089536K
  class space    used 5899K, committed 6080K, reserved 1048576K
}
Event: 11.904 GC heap after
{Heap after GC invocations=17 (full 0):
 garbage-first heap   total 51200K, used 23736K [0x00000000c9e00000, 0x0000000100000000)
  region size 1024K, 3 young (3072K), 3 survivors (3072K)
 Metaspace       used 44463K, committed 44800K, reserved 1089536K
  class space    used 5899K, committed 6080K, reserved 1048576K
}
Event: 12.412 GC heap before
{Heap before GC invocations=17 (full 0):
 garbage-first heap   total 51200K, used 39096K [0x00000000c9e00000, 0x0000000100000000)
  region size 1024K, 19 young (19456K), 3 survivors (3072K)
 Metaspace       used 47655K, committed 48000K, reserved 1097728K
  class space    used 6445K, committed 6592K, reserved 1048576K
}
Event: 12.417 GC heap after
{Heap after GC invocations=18 (full 0):
 garbage-first heap   total 51200K, used 24617K [0x00000000c9e00000, 0x0000000100000000)
  region size 1024K, 3 young (3072K), 3 survivors (3072K)
 Metaspace       used 47655K, committed 48000K, reserved 1097728K
  class space    used 6445K, committed 6592K, reserved 1048576K
}
Event: 12.748 GC heap before
{Heap before GC invocations=18 (full 0):
 garbage-first heap   total 51200K, used 39977K [0x00000000c9e00000, 0x0000000100000000)
  region size 1024K, 19 young (19456K), 3 survivors (3072K)
 Metaspace       used 48890K, committed 49280K, reserved 1097728K
  class space    used 6581K, committed 6784K, reserved 1048576K
}
Event: 12.753 GC heap after
{Heap after GC invocations=19 (full 0):
 garbage-first heap   total 51200K, used 24966K [0x00000000c9e00000, 0x0000000100000000)
  region size 1024K, 2 young (2048K), 2 survivors (2048K)
 Metaspace       used 48890K, committed 49280K, reserved 1097728K
  class space    used 6581K, committed 6784K, reserved 1048576K
}
Event: 13.708 GC heap before
{Heap before GC invocations=19 (full 0):
 garbage-first heap   total 51200K, used 40326K [0x00000000c9e00000, 0x0000000100000000)
  region size 1024K, 18 young (18432K), 2 survivors (2048K)
 Metaspace       used 51378K, committed 51712K, reserved 1097728K
  class space    used 6879K, committed 7040K, reserved 1048576K
}

